Start testing: May 19 00:13 Hora est. Pacífico, Sudamérica
----------------------------------------------------------
1/12 Testing: BoardTest.InitialState
1/12 Test: BoardTest.InitialState
Command: "C:/Users/juanr/OneDrive/Escritorio/mancala-kalah/mancala-kalah/motor/build/test_board.exe" "--gtest_filter=BoardTest.InitialState" "--gtest_also_run_disabled_tests"
Directory: C:/Users/juanr/OneDrive/Escritorio/mancala-kalah/mancala-kalah/motor/build
"BoardTest.InitialState" start time: May 19 00:13 Hora est. Pacífico, Sudamérica
Output:
----------------------------------------------------------
Note: Google Test filter = BoardTest.InitialState
[==========] Running 1 test from 1 test suite.
[----------] Global test environment set-up.
[----------] 1 test from BoardTest
[ RUN      ] BoardTest.InitialState
[       OK ] BoardTest.InitialState (0 ms)
[----------] 1 test from BoardTest (0 ms total)

[----------] Global test environment tear-down
[==========] 1 test from 1 test suite ran. (0 ms total)
[  PASSED  ] 1 test.
<end of output>
Test time =   0.04 sec
----------------------------------------------------------
Test Passed.
"BoardTest.InitialState" end time: May 19 00:13 Hora est. Pacífico, Sudamérica
"BoardTest.InitialState" time elapsed: 00:00:00
----------------------------------------------------------

2/12 Testing: BoardTest.SeedConservation
2/12 Test: BoardTest.SeedConservation
Command: "C:/Users/juanr/OneDrive/Escritorio/mancala-kalah/mancala-kalah/motor/build/test_board.exe" "--gtest_filter=BoardTest.SeedConservation" "--gtest_also_run_disabled_tests"
Directory: C:/Users/juanr/OneDrive/Escritorio/mancala-kalah/mancala-kalah/motor/build
"BoardTest.SeedConservation" start time: May 19 00:13 Hora est. Pacífico, Sudamérica
Output:
----------------------------------------------------------
Note: Google Test filter = BoardTest.SeedConservation
[==========] Running 1 test from 1 test suite.
[----------] Global test environment set-up.
[----------] 1 test from BoardTest
[ RUN      ] BoardTest.SeedConservation
[       OK ] BoardTest.SeedConservation (0 ms)
[----------] 1 test from BoardTest (0 ms total)

[----------] Global test environment tear-down
[==========] 1 test from 1 test suite ran. (0 ms total)
[  PASSED  ] 1 test.
<end of output>
Test time =   0.03 sec
----------------------------------------------------------
Test Passed.
"BoardTest.SeedConservation" end time: May 19 00:13 Hora est. Pacífico, Sudamérica
"BoardTest.SeedConservation" time elapsed: 00:00:00
----------------------------------------------------------

3/12 Testing: BoardTest.LegalMovesInitial
3/12 Test: BoardTest.LegalMovesInitial
Command: "C:/Users/juanr/OneDrive/Escritorio/mancala-kalah/mancala-kalah/motor/build/test_board.exe" "--gtest_filter=BoardTest.LegalMovesInitial" "--gtest_also_run_disabled_tests"
Directory: C:/Users/juanr/OneDrive/Escritorio/mancala-kalah/mancala-kalah/motor/build
"BoardTest.LegalMovesInitial" start time: May 19 00:13 Hora est. Pacífico, Sudamérica
Output:
----------------------------------------------------------
Note: Google Test filter = BoardTest.LegalMovesInitial
[==========] Running 1 test from 1 test suite.
[----------] Global test environment set-up.
[----------] 1 test from BoardTest
[ RUN      ] BoardTest.LegalMovesInitial
[       OK ] BoardTest.LegalMovesInitial (0 ms)
[----------] 1 test from BoardTest (0 ms total)

[----------] Global test environment tear-down
[==========] 1 test from 1 test suite ran. (0 ms total)
[  PASSED  ] 1 test.
<end of output>
Test time =   0.03 sec
----------------------------------------------------------
Test Passed.
"BoardTest.LegalMovesInitial" end time: May 19 00:13 Hora est. Pacífico, Sudamérica
"BoardTest.LegalMovesInitial" time elapsed: 00:00:00
----------------------------------------------------------

4/12 Testing: BoardTest.ExtraTurn
4/12 Test: BoardTest.ExtraTurn
Command: "C:/Users/juanr/OneDrive/Escritorio/mancala-kalah/mancala-kalah/motor/build/test_board.exe" "--gtest_filter=BoardTest.ExtraTurn" "--gtest_also_run_disabled_tests"
Directory: C:/Users/juanr/OneDrive/Escritorio/mancala-kalah/mancala-kalah/motor/build
"BoardTest.ExtraTurn" start time: May 19 00:13 Hora est. Pacífico, Sudamérica
Output:
----------------------------------------------------------
Note: Google Test filter = BoardTest.ExtraTurn
[==========] Running 1 test from 1 test suite.
[----------] Global test environment set-up.
[----------] 1 test from BoardTest
[ RUN      ] BoardTest.ExtraTurn
[       OK ] BoardTest.ExtraTurn (0 ms)
[----------] 1 test from BoardTest (0 ms total)

[----------] Global test environment tear-down
[==========] 1 test from 1 test suite ran. (0 ms total)
[  PASSED  ] 1 test.
<end of output>
Test time =   0.03 sec
----------------------------------------------------------
Test Passed.
"BoardTest.ExtraTurn" end time: May 19 00:13 Hora est. Pacífico, Sudamérica
"BoardTest.ExtraTurn" time elapsed: 00:00:00
----------------------------------------------------------

5/12 Testing: BoardTest.Capture
5/12 Test: BoardTest.Capture
Command: "C:/Users/juanr/OneDrive/Escritorio/mancala-kalah/mancala-kalah/motor/build/test_board.exe" "--gtest_filter=BoardTest.Capture" "--gtest_also_run_disabled_tests"
Directory: C:/Users/juanr/OneDrive/Escritorio/mancala-kalah/mancala-kalah/motor/build
"BoardTest.Capture" start time: May 19 00:13 Hora est. Pacífico, Sudamérica
Output:
----------------------------------------------------------
Note: Google Test filter = BoardTest.Capture
[==========] Running 1 test from 1 test suite.
[----------] Global test environment set-up.
[----------] 1 test from BoardTest
[ RUN      ] BoardTest.Capture
[       OK ] BoardTest.Capture (0 ms)
[----------] 1 test from BoardTest (0 ms total)

[----------] Global test environment tear-down
[==========] 1 test from 1 test suite ran. (0 ms total)
[  PASSED  ] 1 test.
<end of output>
Test time =   0.02 sec
----------------------------------------------------------
Test Passed.
"BoardTest.Capture" end time: May 19 00:13 Hora est. Pacífico, Sudamérica
"BoardTest.Capture" time elapsed: 00:00:00
----------------------------------------------------------

6/12 Testing: BoardTest.TerminalDetection
6/12 Test: BoardTest.TerminalDetection
Command: "C:/Users/juanr/OneDrive/Escritorio/mancala-kalah/mancala-kalah/motor/build/test_board.exe" "--gtest_filter=BoardTest.TerminalDetection" "--gtest_also_run_disabled_tests"
Directory: C:/Users/juanr/OneDrive/Escritorio/mancala-kalah/mancala-kalah/motor/build
"BoardTest.TerminalDetection" start time: May 19 00:13 Hora est. Pacífico, Sudamérica
Output:
----------------------------------------------------------
Note: Google Test filter = BoardTest.TerminalDetection
[==========] Running 1 test from 1 test suite.
[----------] Global test environment set-up.
[----------] 1 test from BoardTest
[ RUN      ] BoardTest.TerminalDetection
[       OK ] BoardTest.TerminalDetection (0 ms)
[----------] 1 test from BoardTest (0 ms total)

[----------] Global test environment tear-down
[==========] 1 test from 1 test suite ran. (0 ms total)
[  PASSED  ] 1 test.
<end of output>
Test time =   0.02 sec
----------------------------------------------------------
Test Passed.
"BoardTest.TerminalDetection" end time: May 19 00:13 Hora est. Pacífico, Sudamérica
"BoardTest.TerminalDetection" time elapsed: 00:00:00
----------------------------------------------------------

7/12 Testing: AlphaBetaTest.SameMoveasMinimax
7/12 Test: AlphaBetaTest.SameMoveasMinimax
Command: "C:/Users/juanr/OneDrive/Escritorio/mancala-kalah/mancala-kalah/motor/build/test_board.exe" "--gtest_filter=AlphaBetaTest.SameMoveasMinimax" "--gtest_also_run_disabled_tests"
Directory: C:/Users/juanr/OneDrive/Escritorio/mancala-kalah/mancala-kalah/motor/build
"AlphaBetaTest.SameMoveasMinimax" start time: May 19 00:13 Hora est. Pacífico, Sudamérica
Output:
----------------------------------------------------------
Note: Google Test filter = AlphaBetaTest.SameMoveasMinimax
[==========] Running 1 test from 1 test suite.
[----------] Global test environment set-up.
[----------] 1 test from AlphaBetaTest
[ RUN      ] AlphaBetaTest.SameMoveasMinimax
[       OK ] AlphaBetaTest.SameMoveasMinimax (0 ms)
[----------] 1 test from AlphaBetaTest (0 ms total)

[----------] Global test environment tear-down
[==========] 1 test from 1 test suite ran. (0 ms total)
[  PASSED  ] 1 test.
<end of output>
Test time =   0.03 sec
----------------------------------------------------------
Test Passed.
"AlphaBetaTest.SameMoveasMinimax" end time: May 19 00:13 Hora est. Pacífico, Sudamérica
"AlphaBetaTest.SameMoveasMinimax" time elapsed: 00:00:00
----------------------------------------------------------

8/12 Testing: AlphaBetaTest.ParallelMatchesSerial
8/12 Test: AlphaBetaTest.ParallelMatchesSerial
Command: "C:/Users/juanr/OneDrive/Escritorio/mancala-kalah/mancala-kalah/motor/build/test_board.exe" "--gtest_filter=AlphaBetaTest.ParallelMatchesSerial" "--gtest_also_run_disabled_tests"
Directory: C:/Users/juanr/OneDrive/Escritorio/mancala-kalah/mancala-kalah/motor/build
"AlphaBetaTest.ParallelMatchesSerial" start time: May 19 00:13 Hora est. Pacífico, Sudamérica
Output:
----------------------------------------------------------
Note: Google Test filter = AlphaBetaTest.ParallelMatchesSerial
[==========] Running 1 test from 1 test suite.
[----------] Global test environment set-up.
[----------] 1 test from AlphaBetaTest
[ RUN      ] AlphaBetaTest.ParallelMatchesSerial
[       OK ] AlphaBetaTest.ParallelMatchesSerial (2 ms)
[----------] 1 test from AlphaBetaTest (2 ms total)

[----------] Global test environment tear-down
[==========] 1 test from 1 test suite ran. (2 ms total)
[  PASSED  ] 1 test.
<end of output>
Test time =   0.03 sec
----------------------------------------------------------
Test Passed.
"AlphaBetaTest.ParallelMatchesSerial" end time: May 19 00:13 Hora est. Pacífico, Sudamérica
"AlphaBetaTest.ParallelMatchesSerial" time elapsed: 00:00:00
----------------------------------------------------------

9/12 Testing: AlphaBetaTest.MoveIsLegal
9/12 Test: AlphaBetaTest.MoveIsLegal
Command: "C:/Users/juanr/OneDrive/Escritorio/mancala-kalah/mancala-kalah/motor/build/test_board.exe" "--gtest_filter=AlphaBetaTest.MoveIsLegal" "--gtest_also_run_disabled_tests"
Directory: C:/Users/juanr/OneDrive/Escritorio/mancala-kalah/mancala-kalah/motor/build
"AlphaBetaTest.MoveIsLegal" start time: May 19 00:13 Hora est. Pacífico, Sudamérica
Output:
----------------------------------------------------------
Note: Google Test filter = AlphaBetaTest.MoveIsLegal
[==========] Running 1 test from 1 test suite.
[----------] Global test environment set-up.
[----------] 1 test from AlphaBetaTest
[ RUN      ] AlphaBetaTest.MoveIsLegal
[       OK ] AlphaBetaTest.MoveIsLegal (0 ms)
[----------] 1 test from AlphaBetaTest (0 ms total)

[----------] Global test environment tear-down
[==========] 1 test from 1 test suite ran. (0 ms total)
[  PASSED  ] 1 test.
<end of output>
Test time =   0.02 sec
----------------------------------------------------------
Test Passed.
"AlphaBetaTest.MoveIsLegal" end time: May 19 00:13 Hora est. Pacífico, Sudamérica
"AlphaBetaTest.MoveIsLegal" time elapsed: 00:00:00
----------------------------------------------------------

10/12 Testing: MCTSTest.MoveIsLegal
10/12 Test: MCTSTest.MoveIsLegal
Command: "C:/Users/juanr/OneDrive/Escritorio/mancala-kalah/mancala-kalah/motor/build/test_board.exe" "--gtest_filter=MCTSTest.MoveIsLegal" "--gtest_also_run_disabled_tests"
Directory: C:/Users/juanr/OneDrive/Escritorio/mancala-kalah/mancala-kalah/motor/build
"MCTSTest.MoveIsLegal" start time: May 19 00:13 Hora est. Pacífico, Sudamérica
Output:
----------------------------------------------------------
Note: Google Test filter = MCTSTest.MoveIsLegal
[==========] Running 1 test from 1 test suite.
[----------] Global test environment set-up.
[----------] 1 test from MCTSTest
[ RUN      ] MCTSTest.MoveIsLegal
[       OK ] MCTSTest.MoveIsLegal (18 ms)
[----------] 1 test from MCTSTest (18 ms total)

[----------] Global test environment tear-down
[==========] 1 test from 1 test suite ran. (18 ms total)
[  PASSED  ] 1 test.
<end of output>
Test time =   0.04 sec
----------------------------------------------------------
Test Passed.
"MCTSTest.MoveIsLegal" end time: May 19 00:13 Hora est. Pacífico, Sudamérica
"MCTSTest.MoveIsLegal" time elapsed: 00:00:00
----------------------------------------------------------

11/12 Testing: MCTSTest.WinRateRange
11/12 Test: MCTSTest.WinRateRange
Command: "C:/Users/juanr/OneDrive/Escritorio/mancala-kalah/mancala-kalah/motor/build/test_board.exe" "--gtest_filter=MCTSTest.WinRateRange" "--gtest_also_run_disabled_tests"
Directory: C:/Users/juanr/OneDrive/Escritorio/mancala-kalah/mancala-kalah/motor/build
"MCTSTest.WinRateRange" start time: May 19 00:13 Hora est. Pacífico, Sudamérica
Output:
----------------------------------------------------------
Note: Google Test filter = MCTSTest.WinRateRange
[==========] Running 1 test from 1 test suite.
[----------] Global test environment set-up.
[----------] 1 test from MCTSTest
[ RUN      ] MCTSTest.WinRateRange
[       OK ] MCTSTest.WinRateRange (7 ms)
[----------] 1 test from MCTSTest (7 ms total)

[----------] Global test environment tear-down
[==========] 1 test from 1 test suite ran. (8 ms total)
[  PASSED  ] 1 test.
<end of output>
Test time =   0.03 sec
----------------------------------------------------------
Test Passed.
"MCTSTest.WinRateRange" end time: May 19 00:13 Hora est. Pacífico, Sudamérica
"MCTSTest.WinRateRange" time elapsed: 00:00:00
----------------------------------------------------------

12/12 Testing: MCTSTest.ParallelMoveIsLegal
12/12 Test: MCTSTest.ParallelMoveIsLegal
Command: "C:/Users/juanr/OneDrive/Escritorio/mancala-kalah/mancala-kalah/motor/build/test_board.exe" "--gtest_filter=MCTSTest.ParallelMoveIsLegal" "--gtest_also_run_disabled_tests"
Directory: C:/Users/juanr/OneDrive/Escritorio/mancala-kalah/mancala-kalah/motor/build
"MCTSTest.ParallelMoveIsLegal" start time: May 19 00:13 Hora est. Pacífico, Sudamérica
Output:
----------------------------------------------------------
Note: Google Test filter = MCTSTest.ParallelMoveIsLegal
[==========] Running 1 test from 1 test suite.
[----------] Global test environment set-up.
[----------] 1 test from MCTSTest
[ RUN      ] MCTSTest.ParallelMoveIsLegal
[       OK ] MCTSTest.ParallelMoveIsLegal (11 ms)
[----------] 1 test from MCTSTest (11 ms total)

[----------] Global test environment tear-down
[==========] 1 test from 1 test suite ran. (11 ms total)
[  PASSED  ] 1 test.
<end of output>
Test time =   0.04 sec
----------------------------------------------------------
Test Passed.
"MCTSTest.ParallelMoveIsLegal" end time: May 19 00:13 Hora est. Pacífico, Sudamérica
"MCTSTest.ParallelMoveIsLegal" time elapsed: 00:00:00
----------------------------------------------------------

End testing: May 19 00:13 Hora est. Pacífico, Sudamérica
